2025-05-09 17:30:45,783 :: INFO :: Démarrage de l'API FastAPI...
2025-05-09 17:30:48,808 :: INFO :: Démarrage du Frontend NiceGUI...
2025-05-09 17:30:48,808 :: INFO :: Démarrage du Frontend NiceGUI...
2025-05-09 18:03:50,369 :: INFO :: Démarrage de l'API FastAPI...
2025-05-09 18:03:53,385 :: INFO :: Démarrage du Frontend NiceGUI...
2025-05-09 18:03:53,385 :: INFO :: Démarrage du Frontend NiceGUI...
2025-05-09 18:05:12,650 :: INFO :: Démarrage de l'API FastAPI...
2025-05-09 18:05:15,672 :: INFO :: Démarrage du Frontend NiceGUI...
2025-05-09 18:05:15,672 :: INFO :: Démarrage du Frontend NiceGUI...
2025-05-09 18:08:40,638 :: INFO :: Démarrage de l'API FastAPI...
2025-05-09 18:08:43,652 :: INFO :: Démarrage du Frontend NiceGUI...
2025-05-09 18:08:43,652 :: INFO :: Démarrage du Frontend NiceGUI...
2025-05-09 18:18:31,393 :: INFO :: Démarrage de l'API FastAPI...
2025-05-09 18:18:34,405 :: INFO :: Démarrage du Frontend NiceGUI...
2025-05-09 18:18:34,405 :: INFO :: Démarrage du Frontend NiceGUI...
2025-05-09 18:18:34,415 :: INFO :: Démarrage du Worker Celery...
2025-05-09 18:18:34,415 :: INFO :: Démarrage du Worker Celery...
2025-05-09 18:18:34,415 :: INFO :: Dossier Celery vérifié: ./data/celery_in
2025-05-09 18:18:34,415 :: INFO :: Dossier Celery vérifié: ./data/celery_out
2025-05-09 18:18:34,415 :: INFO :: Dossier Celery vérifié: ./data/celery_processed
2025-05-09 18:21:15,616 :: INFO :: Démarrage de l'API FastAPI...
2025-05-09 18:21:18,642 :: INFO :: Démarrage du Frontend NiceGUI...
2025-05-09 18:21:18,642 :: INFO :: Démarrage du Frontend NiceGUI...
2025-05-09 18:21:18,656 :: INFO :: Démarrage du Worker Celery...
2025-05-09 18:21:18,657 :: INFO :: Démarrage du Worker Celery...
2025-05-09 18:21:18,658 :: INFO :: Dossier Celery vérifié: ./data/celery_in
2025-05-09 18:21:18,660 :: INFO :: Dossier Celery vérifié: ./data/celery_out
2025-05-09 18:21:18,661 :: INFO :: Dossier Celery vérifié: ./data/celery_processed
2025-05-09 18:22:10,321 :: INFO :: Démarrage de l'API FastAPI...
2025-05-09 18:22:13,335 :: INFO :: Démarrage du Frontend NiceGUI...
2025-05-09 18:22:13,335 :: INFO :: Démarrage du Frontend NiceGUI...
2025-05-09 18:22:13,346 :: INFO :: Démarrage du Worker Celery...
2025-05-09 18:22:13,346 :: INFO :: Démarrage du Worker Celery...
2025-05-09 18:22:13,346 :: INFO :: Dossier Celery vérifié: ./data/celery_in
2025-05-09 18:22:13,346 :: INFO :: Dossier Celery vérifié: ./data/celery_out
2025-05-09 18:22:13,348 :: INFO :: Dossier Celery vérifié: ./data/celery_processed
2025-05-09 18:23:55,094 :: INFO :: Démarrage de l'API FastAPI...
2025-05-09 18:23:58,110 :: INFO :: Démarrage du Frontend NiceGUI...
2025-05-09 18:23:58,110 :: INFO :: Démarrage du Frontend NiceGUI...
2025-05-09 18:23:58,120 :: INFO :: Démarrage du Worker Celery...
2025-05-09 18:23:58,120 :: INFO :: Démarrage du Worker Celery...
2025-05-09 18:23:58,120 :: INFO :: Dossier Celery vérifié: ./data/celery_in
2025-05-09 18:23:58,120 :: INFO :: Dossier Celery vérifié: ./data/celery_out
2025-05-09 18:23:58,120 :: INFO :: Dossier Celery vérifié: ./data/celery_processed
2025-05-09 18:26:32,966 :: INFO :: Démarrage de l'API FastAPI...
2025-05-09 18:26:35,982 :: INFO :: Démarrage du Frontend NiceGUI...
2025-05-09 18:26:35,982 :: INFO :: Démarrage du Frontend NiceGUI...
2025-05-09 18:26:35,998 :: INFO :: Démarrage du Worker Celery...
2025-05-09 18:26:35,998 :: INFO :: Démarrage du Worker Celery...
2025-05-09 18:26:35,998 :: INFO :: Dossier Celery vérifié: ./data/celery_in
2025-05-09 18:26:36,003 :: INFO :: Dossier Celery vérifié: ./data/celery_out
2025-05-09 18:26:36,004 :: INFO :: Dossier Celery vérifié: ./data/celery_processed
2025-05-09 18:59:43,790 :: INFO :: Démarrage de l'API FastAPI...
2025-05-09 18:59:46,809 :: INFO :: Démarrage du Frontend NiceGUI...
2025-05-09 18:59:46,809 :: INFO :: Démarrage du Frontend NiceGUI...
2025-05-09 18:59:46,818 :: INFO :: Démarrage du Worker Celery...
2025-05-09 18:59:46,818 :: INFO :: Démarrage du Worker Celery...
2025-05-09 18:59:46,818 :: INFO :: Dossier Celery vérifié: ./data/celery_in
2025-05-09 18:59:46,818 :: INFO :: Dossier Celery vérifié: ./data/celery_out
2025-05-09 18:59:46,818 :: INFO :: Dossier Celery vérifié: ./data/celery_processed
2025-05-09 19:01:10,628 :: INFO :: Démarrage de l'API FastAPI...
2025-05-09 19:01:13,648 :: INFO :: Démarrage du Frontend NiceGUI...
2025-05-09 19:01:13,648 :: INFO :: Démarrage du Frontend NiceGUI...
2025-05-09 19:01:13,660 :: INFO :: Démarrage du Worker Celery...
2025-05-09 19:01:13,660 :: INFO :: Démarrage du Worker Celery...
2025-05-09 19:01:13,662 :: INFO :: Dossier Celery vérifié: ./data/celery_in
2025-05-09 19:01:13,662 :: INFO :: Dossier Celery vérifié: ./data/celery_out
2025-05-09 19:01:13,664 :: INFO :: Dossier Celery vérifié: ./data/celery_processed
2025-05-09 19:01:35,285 :: INFO :: Démarrage de l'API FastAPI...
2025-05-09 19:01:38,308 :: INFO :: Démarrage du Frontend NiceGUI...
2025-05-09 19:01:38,308 :: INFO :: Démarrage du Frontend NiceGUI...
2025-05-09 19:01:38,320 :: INFO :: Démarrage du Worker Celery...
2025-05-09 19:01:38,320 :: INFO :: Démarrage du Worker Celery...
2025-05-09 19:01:38,321 :: INFO :: Dossier Celery vérifié: ./data/celery_in
2025-05-09 19:01:38,321 :: INFO :: Dossier Celery vérifié: ./data/celery_out
2025-05-09 19:01:38,322 :: INFO :: Dossier Celery vérifié: ./data/celery_processed
2025-05-09 19:04:36,582 :: INFO :: Démarrage de l'API FastAPI...
2025-05-09 19:04:39,605 :: INFO :: Démarrage du Frontend NiceGUI...
2025-05-09 19:04:39,605 :: INFO :: Démarrage du Frontend NiceGUI...
2025-05-09 19:04:39,611 :: INFO :: Démarrage du Worker Celery...
2025-05-09 19:04:39,611 :: INFO :: Démarrage du Worker Celery...
2025-05-09 19:04:39,618 :: INFO :: Dossier Celery vérifié: ./data/celery_in
2025-05-09 19:04:39,619 :: INFO :: Dossier Celery vérifié: ./data/celery_out
2025-05-09 19:04:39,620 :: INFO :: Dossier Celery vérifié: ./data/celery_processed
2025-05-09 19:25:16,244 :: INFO :: Démarrage de l'API FastAPI...
2025-05-09 19:25:19,265 :: INFO :: Démarrage du Frontend NiceGUI...
2025-05-09 19:25:19,265 :: INFO :: Démarrage du Frontend NiceGUI...
2025-05-09 19:25:19,275 :: INFO :: Démarrage du Worker Celery...
2025-05-09 19:25:19,275 :: INFO :: Démarrage du Worker Celery...
2025-05-09 19:25:19,275 :: INFO :: Dossier Celery vérifié: ./data/celery_in
2025-05-09 19:25:19,275 :: INFO :: Dossier Celery vérifié: ./data/celery_out
2025-05-09 19:25:19,277 :: INFO :: Dossier Celery vérifié: ./data/celery_processed
2025-05-09 19:27:09,238 :: INFO :: Démarrage de l'API FastAPI...
2025-05-09 19:27:12,255 :: INFO :: Démarrage du Frontend NiceGUI...
2025-05-09 19:27:12,255 :: INFO :: Démarrage du Frontend NiceGUI...
2025-05-09 19:27:12,267 :: INFO :: Démarrage du Worker Celery...
2025-05-09 19:27:12,267 :: INFO :: Démarrage du Worker Celery...
2025-05-09 19:27:12,268 :: INFO :: Dossier Celery vérifié: ./data/celery_in
2025-05-09 19:27:12,268 :: INFO :: Dossier Celery vérifié: ./data/celery_out
2025-05-09 19:27:12,269 :: INFO :: Dossier Celery vérifié: ./data/celery_processed
2025-05-09 19:32:21,838 :: INFO :: Démarrage de l'API FastAPI...
2025-05-09 19:32:24,862 :: INFO :: Démarrage du Frontend NiceGUI...
2025-05-09 19:32:24,862 :: INFO :: Démarrage du Frontend NiceGUI...
2025-05-09 19:32:24,881 :: INFO :: Démarrage du Worker Celery...
2025-05-09 19:32:24,881 :: INFO :: Démarrage du Worker Celery...
2025-05-09 19:32:24,882 :: INFO :: Dossier Celery vérifié: ./data/celery_in
2025-05-09 19:32:24,882 :: INFO :: Dossier Celery vérifié: ./data/celery_out
2025-05-09 19:32:24,884 :: INFO :: Dossier Celery vérifié: ./data/celery_processed
2025-05-09 19:33:58,864 :: INFO :: Démarrage de l'API FastAPI...
2025-05-09 19:34:01,884 :: INFO :: Démarrage du Frontend NiceGUI...
2025-05-09 19:34:01,884 :: INFO :: Démarrage du Frontend NiceGUI...
2025-05-09 19:34:01,905 :: INFO :: Démarrage du Worker Celery...
2025-05-09 19:34:01,905 :: INFO :: Démarrage du Worker Celery...
2025-05-09 19:34:01,905 :: INFO :: Dossier Celery vérifié: ./data/celery_in
2025-05-09 19:34:01,907 :: INFO :: Dossier Celery vérifié: ./data/celery_out
2025-05-09 19:34:01,907 :: INFO :: Dossier Celery vérifié: ./data/celery_processed
2025-05-09 19:36:02,467 :: INFO :: Démarrage de l'API FastAPI...
2025-05-09 19:36:05,481 :: INFO :: Démarrage du Frontend NiceGUI...
2025-05-09 19:36:05,481 :: INFO :: Démarrage du Frontend NiceGUI...
2025-05-09 19:36:05,488 :: INFO :: Démarrage du Worker Celery...
2025-05-09 19:36:05,488 :: INFO :: Démarrage du Worker Celery...
2025-05-09 19:36:05,488 :: INFO :: Dossier Celery vérifié: ./data/celery_in
2025-05-09 19:36:05,490 :: INFO :: Dossier Celery vérifié: ./data/celery_out
2025-05-09 19:36:05,490 :: INFO :: Dossier Celery vérifié: ./data/celery_processed
2025-05-09 19:41:54,962 :: INFO :: Démarrage de l'API FastAPI...
2025-05-09 19:41:57,977 :: INFO :: Démarrage du Frontend NiceGUI...
2025-05-09 19:41:57,977 :: INFO :: Démarrage du Frontend NiceGUI...
2025-05-09 19:41:57,988 :: INFO :: Démarrage du Worker Celery...
2025-05-09 19:41:57,988 :: INFO :: Démarrage du Worker Celery...
2025-05-09 19:41:57,989 :: INFO :: Dossier Celery vérifié: ./data/celery_in
2025-05-09 19:41:57,990 :: INFO :: Dossier Celery vérifié: ./data/celery_out
2025-05-09 19:41:57,991 :: INFO :: Dossier Celery vérifié: ./data/celery_processed
2025-05-09 19:47:20,165 :: INFO :: Démarrage de l'API FastAPI...
2025-05-09 19:47:23,189 :: INFO :: Démarrage du Frontend NiceGUI...
2025-05-09 19:47:23,189 :: INFO :: Démarrage du Frontend NiceGUI...
2025-05-09 19:47:23,204 :: INFO :: Démarrage du Worker Celery...
2025-05-09 19:47:23,204 :: INFO :: Démarrage du Worker Celery...
2025-05-09 19:47:23,206 :: INFO :: Dossier Celery vérifié: ./data/celery_in
2025-05-09 19:47:23,206 :: INFO :: Dossier Celery vérifié: ./data/celery_out
2025-05-09 19:47:23,208 :: INFO :: Dossier Celery vérifié: ./data/celery_processed
2025-05-09 19:47:57,610 :: INFO :: Scanning directory: Y:\2 Be 3
2025-05-09 19:51:45,161 :: INFO :: Démarrage de l'API FastAPI...
2025-05-09 19:51:48,184 :: INFO :: Démarrage du Frontend NiceGUI...
2025-05-09 19:51:48,184 :: INFO :: Démarrage du Frontend NiceGUI...
2025-05-09 19:51:48,192 :: INFO :: Démarrage du Worker Celery...
2025-05-09 19:51:48,192 :: INFO :: Démarrage du Worker Celery...
2025-05-09 19:51:48,192 :: INFO :: Dossier Celery vérifié: ./data/celery_in
2025-05-09 19:51:48,193 :: INFO :: Dossier Celery vérifié: ./data/celery_out
2025-05-09 19:51:48,194 :: INFO :: Dossier Celery vérifié: ./data/celery_processed
2025-05-09 19:53:54,066 :: INFO :: Démarrage de l'API FastAPI...
2025-05-09 19:53:57,087 :: INFO :: Démarrage du Frontend NiceGUI...
2025-05-09 19:53:57,087 :: INFO :: Démarrage du Frontend NiceGUI...
2025-05-09 19:53:57,100 :: INFO :: Démarrage du Worker Celery...
2025-05-09 19:53:57,100 :: INFO :: Démarrage du Worker Celery...
2025-05-09 19:53:57,101 :: INFO :: Dossier Celery vérifié: ./data/celery_in
2025-05-09 19:53:57,102 :: INFO :: Dossier Celery vérifié: ./data/celery_out
2025-05-09 19:53:57,103 :: INFO :: Dossier Celery vérifié: ./data/celery_processed
2025-05-09 19:56:41,404 :: INFO :: Démarrage de l'API FastAPI...
2025-05-09 19:56:44,433 :: INFO :: Démarrage du Frontend NiceGUI...
2025-05-09 19:56:44,433 :: INFO :: Démarrage du Frontend NiceGUI...
2025-05-09 19:56:44,448 :: INFO :: Démarrage du Worker Celery...
2025-05-09 19:56:44,448 :: INFO :: Démarrage du Worker Celery...
2025-05-09 19:56:44,450 :: INFO :: Dossier Celery vérifié: ./data/celery_in
2025-05-09 19:56:44,450 :: INFO :: Dossier Celery vérifié: ./data/celery_out
2025-05-09 19:56:44,452 :: INFO :: Dossier Celery vérifié: ./data/celery_processed
2025-05-09 19:58:19,226 :: INFO :: Démarrage de l'API FastAPI...
2025-05-09 19:58:22,249 :: INFO :: Démarrage du Frontend NiceGUI...
2025-05-09 19:58:22,249 :: INFO :: Démarrage du Frontend NiceGUI...
2025-05-09 19:58:22,267 :: INFO :: Démarrage du Worker Celery...
2025-05-09 19:58:22,267 :: INFO :: Démarrage du Worker Celery...
2025-05-09 19:58:22,269 :: INFO :: Dossier Celery vérifié: ./data/celery_in
2025-05-09 19:58:22,271 :: INFO :: Dossier Celery vérifié: ./data/celery_out
2025-05-09 19:58:22,272 :: INFO :: Dossier Celery vérifié: ./data/celery_processed
